<?xml version="1.0" encoding="UTF-8"?>
<!-- Generated by org.testng.reporters.JUnitReportReporter -->
<testsuite hostname="HanuShreMa" failures="0" tests="1" name="Testng1.FetchingTheDataFromExternal" time="11.795" errors="0" timestamp="2024-01-30T10:47:57 IST" skipped="0">
  <testcase classname="Testng1.FetchingTheDataFromExternal" name="loginDWS" time="11.795"/>
  <system-out/>
</testsuite> <!-- Testng1.FetchingTheDataFromExternal -->
