<?xml version="1.0" encoding="UTF-8"?>
<!-- Generated by org.testng.reporters.JUnitReportReporter -->
<testsuite hostname="HanuShreMa" failures="0" tests="2" name="DataProviderWithExternal.DynamicRowCell" time="9.545" errors="0" timestamp="2024-01-31T08:07:31 IST" skipped="0">
  <testcase classname="DataProviderWithExternal.DynamicRowCell" name="receiver" time="6.232"/>
  <system-out/>
  <testcase classname="DataProviderWithExternal.DynamicRowCell" name="receiver" time="3.313"/>
  <system-out/>
</testsuite> <!-- DataProviderWithExternal.DynamicRowCell -->
