<?xml version="1.0" encoding="UTF-8"?>
<!-- Generated by org.testng.reporters.JUnitReportReporter -->
<testsuite hostname="HanuShreMa" failures="0" tests="1" name="POM.ExecuteLoginLinkDwsPage" time="6.363" errors="0" timestamp="2024-02-02T07:40:15 IST" skipped="0">
  <testcase classname="POM.ExecuteLoginLinkDwsPage" name="loginLnk" time="6.363"/>
  <system-out/>
</testsuite> <!-- POM.ExecuteLoginLinkDwsPage -->
