<?xml version="1.0" encoding="UTF-8"?>
<!-- Generated by org.testng.reporters.JUnitReportReporter -->
<testsuite hostname="HanuShreMa" failures="0" tests="1" name="POM.registerLinkDws" time="8.392" errors="0" timestamp="2024-02-02T07:24:33 IST" skipped="0">
  <testcase classname="POM.registerLinkDws" name="registerLink" time="8.392"/>
  <system-out/>
</testsuite> <!-- POM.registerLinkDws -->
