<?xml version="1.0" encoding="UTF-8"?>
<!-- Generated by org.testng.reporters.JUnitReportReporter -->
<testsuite hostname="HanuShreMa" failures="0" tests="2" name="Parameterized.UrlParameterized" time="8.536" errors="0" timestamp="2024-01-31T10:38:13 IST" skipped="0">
  <testcase classname="Parameterized.UrlParameterized" name="dws1" time="1.396"/>
  <system-out/>
  <testcase classname="Parameterized.UrlParameterized" name="dws" time="7.140"/>
  <system-out/>
</testsuite> <!-- Parameterized.UrlParameterized -->
