<?xml version="1.0" encoding="UTF-8"?>
<!-- Generated by org.testng.reporters.JUnitReportReporter -->
<testsuite hostname="HanuShreMa" failures="0" tests="2" name="Testng1.ChronologicalOrder" time="0.092" errors="0" timestamp="2024-01-25T10:51:15 IST" skipped="0">
  <testcase classname="Testng1.ChronologicalOrder" name="test2" time="0.033"/>
  <system-out/>
  <testcase classname="Testng1.ChronologicalOrder" name="test1" time="0.059"/>
  <system-out/>
</testsuite> <!-- Testng1.ChronologicalOrder -->
