<?xml version="1.0" encoding="UTF-8"?>
<!-- Generated by org.testng.reporters.JUnitReportReporter -->
<testsuite hostname="HanuShreMa" failures="0" tests="2" name="Testng1.DataProviderSenderAndReciever" time="9.071" errors="0" timestamp="2024-01-30T07:17:41 IST" skipped="0">
  <testcase classname="Testng1.DataProviderSenderAndReciever" name="receiver" time="6.518"/>
  <system-out/>
  <testcase classname="Testng1.DataProviderSenderAndReciever" name="receiver" time="2.553"/>
  <system-out/>
</testsuite> <!-- Testng1.DataProviderSenderAndReciever -->
