<?xml version="1.0" encoding="UTF-8"?>
<!-- Generated by org.testng.reporters.JUnitReportReporter -->
<testsuite hostname="HanuShreMa" failures="0" tests="4" name="Testng1.DWS" time="0.063" errors="0" timestamp="2024-01-24T11:12:15 IST" skipped="0">
  <testcase classname="Testng1.DWS" name="cat" time="0.020"/>
  <system-out/>
  <testcase classname="Testng1.DWS" name="test1" time="0.008"/>
  <system-out/>
  <testcase classname="Testng1.DWS" name="allpha" time="0.031"/>
  <system-out>
    <![CDATA[check the print order]]>
  </system-out>
  <testcase classname="Testng1.DWS" name="dws" time="0.004"/>
  <system-out>
    <![CDATA[dws]]>
  </system-out>
</testsuite> <!-- Testng1.DWS -->
