<?xml version="1.0" encoding="UTF-8"?>
<!-- Generated by org.testng.reporters.JUnitReportReporter -->
<testsuite hostname="HanuShreMa" failures="0" tests="1" name="Testng1.FetchingRegisterDataFromExternal" time="9.322" errors="0" timestamp="2024-01-30T11:07:57 IST" skipped="0">
  <testcase classname="Testng1.FetchingRegisterDataFromExternal" name="Register" time="9.322"/>
  <system-out/>
</testsuite> <!-- Testng1.FetchingRegisterDataFromExternal -->
