<?xml version="1.0" encoding="UTF-8"?>
<!-- Generated by org.testng.reporters.JUnitReportReporter -->
<testsuite hostname="HanuShreMa" failures="0" tests="1" name="Assigne_ShoeTestNg.BataShoe" time="385.567" errors="0" timestamp="2024-01-26T11:21:55 IST" skipped="0">
  <testcase classname="Assigne_ShoeTestNg.BataShoe" name="Bata" time="385.567"/>
  <system-out/>
</testsuite> <!-- Assigne_ShoeTestNg.BataShoe -->
