<?xml version="1.0" encoding="UTF-8"?>
<!-- Generated by org.testng.reporters.JUnitReportReporter -->
<testsuite hostname="HanuShreMa" failures="0" tests="1" name="POM.ExecuteDWSHomePage" time="28.229" errors="0" timestamp="2024-02-01T11:28:13 IST" skipped="0">
  <testcase classname="POM.ExecuteDWSHomePage" name="reciever" time="28.229"/>
  <system-out/>
</testsuite> <!-- POM.ExecuteDWSHomePage -->
